<?xml version="1.0" encoding="UTF-8" ?>
<testsuite failures="0" time="0.003" errors="0" skipped="0" tests="10" name="com.iotake.suller.sullerj.binder.value.GlobalIdValueConverterTest">
  <properties>
[...]
</properties>
  <testcase time="0" classname="com.iotake.suller.sullerj.binder.value.GlobalIdValueConverterTest" name="toDocumentValue"/>
  <testcase time="0" classname="com.iotake.suller.sullerj.binder.value.GlobalIdValueConverterTest" name="toBeanValueWithInvalidType"/>
  <testcase time="0" classname="com.iotake.suller.sullerj.binder.value.GlobalIdValueConverterTest" name="toBeanValueWithNull"/>
  <testcase time="0" classname="com.iotake.suller.sullerj.binder.value.GlobalIdValueConverterTest" name="toDocumentValueWithNull"/>
  <testcase time="0" classname="com.iotake.suller.sullerj.binder.value.GlobalIdValueConverterTest" name="toBeanValueWithInvalidPrefix"/>
  <testcase time="0.001" classname="com.iotake.suller.sullerj.binder.value.GlobalIdValueConverterTest" name="toBeanValue"/>
  <testcase time="0" classname="com.iotake.suller.sullerj.binder.value.GlobalIdValueConverterTest" name="toDocumentValueWithInvalidType"/>
  <testcase time="0" classname="com.iotake.suller.sullerj.binder.value.GlobalIdValueConverterTest" name="toBeanValueWithInvalidValuePart"/>
  <testcase time="0" classname="com.iotake.suller.sullerj.binder.value.GlobalIdValueConverterTest" name="getSlotsType"/>
  <testcase time="0" classname="com.iotake.suller.sullerj.binder.value.GlobalIdValueConverterTest" name="construct"/>
</testsuite>